2024-12-14T21:43:39.380Z - GET /frontend/index.html
2024-12-14T21:43:49.678Z - GET /
2024-12-14T21:44:03.005Z - GET /
2024-12-14T21:50:42.528Z - POST /auth/register
2024-12-14T21:52:25.038Z - POST /auth/register
2024-12-14T21:58:19.224Z - POST /auth/register
2024-12-14T21:59:50.937Z - POST /auth/register
2024-12-14T22:09:41.147Z - POST /auth/register
2024-12-14T22:10:09.790Z - POST /auth/login
2024-12-14T22:10:50.915Z - POST /books
2024-12-14T22:10:54.795Z - POST /books
2024-12-14T22:10:58.107Z - POST /books
2024-12-14T22:10:58.314Z - POST /books
2024-12-14T22:10:58.490Z - POST /books
2024-12-14T22:11:20.716Z - POST /auth/login
2024-12-14T22:20:24.774Z - POST /auth/login
2024-12-14T22:37:30.767Z - POST /books
2024-12-14T22:37:42.757Z - POST /books
2024-12-14T22:38:27.136Z - POST /books
2024-12-14T22:38:37.290Z - DELETE /books
2024-12-14T22:45:15.314Z - POST /login
2024-12-14T22:45:43.304Z - POST /login
2024-12-14T22:52:30.435Z - POST /auth/login
2024-12-14T23:04:44.661Z - POST /auth/login
2024-12-14T23:31:38.012Z - POST /auth/login
2024-12-14T23:33:59.160Z - POST /login
2024-12-14T23:38:56.944Z - GET /books
2024-12-14T23:39:40.822Z - GET /books
2024-12-14T23:40:35.764Z - GET /
2024-12-14T23:40:35.796Z - GET /public/css/styles.css
2024-12-14T23:40:35.798Z - GET /public/js/app.js
2024-12-14T23:40:35.858Z - GET /favicon.ico
2024-12-14T23:40:37.177Z - POST /auth/login
2024-12-14T23:40:37.335Z - GET /books
2024-12-14T23:41:17.043Z - GET /
2024-12-14T23:41:17.076Z - GET /public/css/styles.css
2024-12-14T23:41:17.078Z - GET /public/js/app.js
2024-12-14T23:41:17.138Z - GET /favicon.ico
2024-12-14T23:41:18.510Z - POST /auth/login
2024-12-14T23:41:18.622Z - GET /books
2024-12-14T23:41:44.763Z - GET /
2024-12-14T23:41:44.787Z - GET /public/css/styles.css
2024-12-14T23:41:44.788Z - GET /public/js/app.js
2024-12-14T23:41:44.852Z - GET /favicon.ico
2024-12-14T23:41:45.523Z - GET /
2024-12-14T23:41:45.555Z - GET /public/css/styles.css
2024-12-14T23:41:45.557Z - GET /public/js/app.js
2024-12-14T23:41:45.589Z - GET /favicon.ico
2024-12-14T23:41:47.327Z - POST /auth/login
2024-12-14T23:41:47.434Z - GET /books
2024-12-14T23:41:53.811Z - GET /books
2024-12-14T23:45:32.245Z - GET /
2024-12-14T23:45:32.282Z - GET /public/css/styles.css
2024-12-14T23:45:32.284Z - GET /public/js/app.js
2024-12-14T23:45:32.334Z - GET /favicon.ico
2024-12-14T23:45:33.282Z - GET /
2024-12-14T23:45:33.321Z - GET /public/css/styles.css
2024-12-14T23:45:33.323Z - GET /public/js/app.js
2024-12-14T23:45:33.363Z - GET /favicon.ico
2024-12-14T23:45:34.506Z - POST /auth/login
2024-12-14T23:45:34.678Z - GET /books
2024-12-14T23:48:44.825Z - POST /login
2024-12-14T23:49:30.255Z - POST /login
2024-12-14T23:50:05.774Z - POST /register
2024-12-14T23:51:06.288Z - POST /register
2024-12-14T23:52:21.523Z - POST /register
2024-12-14T23:52:29.453Z - PUT /register
2024-12-14T23:53:02.471Z - POST /auth/register
2024-12-14T23:53:38.599Z - POST /auth/register
2024-12-14T23:56:30.765Z - POST /auth/login
2024-12-14T23:59:02.008Z - GET /book
2024-12-14T23:59:24.640Z - GET /auth/book
2024-12-14T23:59:30.850Z - GET /auth/books
2024-12-14T23:59:42.157Z - GET /books
2024-12-15T00:01:38.608Z - GET /books
2024-12-15T00:01:46.548Z - GET /auth/login
2024-12-15T00:02:34.511Z - POST /auth/login
2024-12-15T00:02:58.251Z - GET /books
2024-12-15T00:03:18.759Z - GET /books
2024-12-15T00:05:41.742Z - GET /
2024-12-15T00:05:41.782Z - GET /public/css/styles.css
2024-12-15T00:05:41.784Z - GET /public/js/app.js
2024-12-15T00:05:41.855Z - GET /favicon.ico
2024-12-15T00:05:43.221Z - POST /auth/login
2024-12-15T00:05:43.391Z - GET /books
2024-12-15T00:05:51.537Z - DELETE /books/1
2024-12-15T00:05:51.562Z - GET /books
2024-12-15T00:05:52.384Z - DELETE /books/2
2024-12-15T00:05:52.407Z - GET /books
2024-12-15T00:05:53.168Z - DELETE /books/3
2024-12-15T00:05:53.178Z - GET /books
2024-12-15T00:05:53.992Z - DELETE /books/4
2024-12-15T00:05:54.008Z - GET /books
2024-12-15T00:05:55.184Z - DELETE /books/5
2024-12-15T00:05:55.193Z - GET /books
2024-12-15T00:10:14.074Z - POST /books
2024-12-15T00:10:14.093Z - GET /books
2024-12-15T00:10:42.049Z - POST /books
2024-12-15T00:10:42.071Z - GET /books
